# JRE version: OpenJDK Runtime Environment Temurin-21.0.3+9 (21.0.3+9) (build 21.0.3+9-LTS)
# Java VM: OpenJDK 64-Bit Server VM Temurin-21.0.3+9 (21.0.3+9-LTS, mixed mode, emulated-client, tiered, compressed oops, compressed class ptrs, g1 gc, windows-amd64)
GC Precious Log:
 CardTable entry size: 512
 Card Set container configuration: InlinePtr #cards 5 size 8 Array Of Cards #cards 12 size 40 Howl #buckets 4 coarsen threshold 1843 Howl Bitmap #cards 512 size 80 coarsen threshold 460 Card regions per heap region 1 cards per card region 2048
 CPUs: 8 total, 8 available
 Memory: 7932M
 Large Page Support: Disabled
 NUMA Support: Disabled
 Compressed Oops: Enabled (32-bit)
 Heap Region Size: 1M
 Heap Min Capacity: 8M
 Heap Initial Capacity: 124M
 Heap Max Capacity: 1G
 Pre-touch: Disabled
 Parallel Workers: 8
 Concurrent Workers: 2
 Concurrent Refinement Workers: 8
 Periodic GC: Disabled
Heap:
 garbage-first heap   total 84992K, used 34035K [0x00000000c0000000, 0x0000000100000000)
  region size 1024K, 1 young (1024K), 0 survivors (0K)
 Metaspace       used 65346K, committed 66176K, reserved 1114112K
  class space    used 7771K, committed 8128K, reserved 1048576K
GC Heap History (20 events):
Event: 20709.141 GC heap after
{Heap after GC invocations=743 (full 723):
 garbage-first heap   total 84992K, used 34035K [0x00000000c0000000, 0x0000000100000000)
  region size 1024K, 0 young (0K), 0 survivors (0K)
 Metaspace       used 65346K, committed 66176K, reserved 1114112K
  class space    used 7771K, committed 8128K, reserved 1048576K
}
Event: 20719.339 GC heap before
{Heap before GC invocations=743 (full 723):
 garbage-first heap   total 84992K, used 34035K [0x00000000c0000000, 0x0000000100000000)
  region size 1024K, 1 young (1024K), 0 survivors (0K)
 Metaspace       used 65346K, committed 66176K, reserved 1114112K
  class space    used 7771K, committed 8128K, reserved 1048576K
}
Event: 20719.409 GC heap after
{Heap after GC invocations=744 (full 724):
 garbage-first heap   total 84992K, used 34035K [0x00000000c0000000, 0x0000000100000000)
  region size 1024K, 0 young (0K), 0 survivors (0K)
 Metaspace       used 65346K, committed 66176K, reserved 1114112K
  class space    used 7771K, committed 8128K, reserved 1048576K
}
Event: 20729.780 GC heap before
{Heap before GC invocations=744 (full 724):
 garbage-first heap   total 84992K, used 34035K [0x00000000c0000000, 0x0000000100000000)
  region size 1024K, 1 young (1024K), 0 survivors (0K)
 Metaspace       used 65346K, committed 66176K, reserved 1114112K
  class space    used 7771K, committed 8128K, reserved 1048576K
}
Event: 20729.865 GC heap after
{Heap after GC invocations=745 (full 725):
 garbage-first heap   total 84992K, used 34035K [0x00000000c0000000, 0x0000000100000000)
  region size 1024K, 0 young (0K), 0 survivors (0K)
 Metaspace       used 65346K, committed 66176K, reserved 1114112K
  class space    used 7771K, committed 8128K, reserved 1048576K
}
Event: 20740.314 GC heap before
{Heap before GC invocations=745 (full 725):
 garbage-first heap   total 84992K, used 34035K [0x00000000c0000000, 0x0000000100000000)
  region size 1024K, 1 young (1024K), 0 survivors (0K)
 Metaspace       used 65346K, committed 66176K, reserved 1114112K
  class space    used 7771K, committed 8128K, reserved 1048576K
}
Event: 20740.420 GC heap after
{Heap after GC invocations=746 (full 726):
 garbage-first heap   total 84992K, used 34035K [0x00000000c0000000, 0x0000000100000000)
  region size 1024K, 0 young (0K), 0 survivors (0K)
 Metaspace       used 65346K, committed 66176K, reserved 1114112K
  class space    used 7771K, committed 8128K, reserved 1048576K
}
Event: 20750.664 GC heap before
{Heap before GC invocations=746 (full 726):
 garbage-first heap   total 84992K, used 34035K [0x00000000c0000000, 0x0000000100000000)
  region size 1024K, 1 young (1024K), 0 survivors (0K)
 Metaspace       used 65346K, committed 66176K, reserved 1114112K
  class space    used 7771K, committed 8128K, reserved 1048576K
}
Event: 20750.744 GC heap after
{Heap after GC invocations=747 (full 727):
 garbage-first heap   total 84992K, used 34035K [0x00000000c0000000, 0x0000000100000000)
  region size 1024K, 0 young (0K), 0 survivors (0K)
 Metaspace       used 65346K, committed 66176K, reserved 1114112K
  class space    used 7771K, committed 8128K, reserved 1048576K
}
Event: 20760.965 GC heap before
{Heap before GC invocations=747 (full 727):
 garbage-first heap   total 84992K, used 34035K [0x00000000c0000000, 0x0000000100000000)
  region size 1024K, 1 young (1024K), 0 survivors (0K)
 Metaspace       used 65346K, committed 66176K, reserved 1114112K
  class space    used 7771K, committed 8128K, reserved 1048576K
}
Event: 20761.023 GC heap after
{Heap after GC invocations=748 (full 728):
 garbage-first heap   total 84992K, used 34035K [0x00000000c0000000, 0x0000000100000000)
  region size 1024K, 0 young (0K), 0 survivors (0K)
 Metaspace       used 65346K, committed 66176K, reserved 1114112K
  class space    used 7771K, committed 8128K, reserved 1048576K
}
Event: 20771.268 GC heap before
{Heap before GC invocations=748 (full 728):
 garbage-first heap   total 84992K, used 34035K [0x00000000c0000000, 0x0000000100000000)
  region size 1024K, 1 young (1024K), 0 survivors (0K)
 Metaspace       used 65346K, committed 66176K, reserved 1114112K
  class space    used 7771K, committed 8128K, reserved 1048576K
}
Event: 20771.335 GC heap after
{Heap after GC invocations=749 (full 729):
 garbage-first heap   total 84992K, used 34035K [0x00000000c0000000, 0x0000000100000000)
  region size 1024K, 0 young (0K), 0 survivors (0K)
 Metaspace       used 65346K, committed 66176K, reserved 1114112K
  class space    used 7771K, committed 8128K, reserved 1048576K
}
Event: 20781.556 GC heap before
{Heap before GC invocations=749 (full 729):
 garbage-first heap   total 84992K, used 34035K [0x00000000c0000000, 0x0000000100000000)
  region size 1024K, 1 young (1024K), 0 survivors (0K)
 Metaspace       used 65346K, committed 66176K, reserved 1114112K
  class space    used 7771K, committed 8128K, reserved 1048576K
}
Event: 20781.623 GC heap after
{Heap after GC invocations=750 (full 730):
 garbage-first heap   total 84992K, used 34035K [0x00000000c0000000, 0x0000000100000000)
  region size 1024K, 0 young (0K), 0 survivors (0K)
 Metaspace       used 65346K, committed 66176K, reserved 1114112K
  class space    used 7771K, committed 8128K, reserved 1048576K
}
Event: 20791.849 GC heap before
{Heap before GC invocations=750 (full 730):
 garbage-first heap   total 84992K, used 34035K [0x00000000c0000000, 0x0000000100000000)
  region size 1024K, 1 young (1024K), 0 survivors (0K)
 Metaspace       used 65346K, committed 66176K, reserved 1114112K
  class space    used 7771K, committed 8128K, reserved 1048576K
}
Event: 20791.903 GC heap after
{Heap after GC invocations=751 (full 731):
 garbage-first heap   total 84992K, used 34035K [0x00000000c0000000, 0x0000000100000000)
  region size 1024K, 0 young (0K), 0 survivors (0K)
 Metaspace       used 65346K, committed 66176K, reserved 1114112K
  class space    used 7771K, committed 8128K, reserved 1048576K
}
Event: 20802.171 GC heap before
{Heap before GC invocations=751 (full 731):
 garbage-first heap   total 84992K, used 34035K [0x00000000c0000000, 0x0000000100000000)
  region size 1024K, 1 young (1024K), 0 survivors (0K)
 Metaspace       used 65346K, committed 66176K, reserved 1114112K
  class space    used 7771K, committed 8128K, reserved 1048576K
}
Event: 20802.257 GC heap after
{Heap after GC invocations=752 (full 732):
 garbage-first heap   total 84992K, used 34035K [0x00000000c0000000, 0x0000000100000000)
  region size 1024K, 0 young (0K), 0 survivors (0K)
 Metaspace       used 65346K, committed 66176K, reserved 1114112K
  class space    used 7771K, committed 8128K, reserved 1048576K
}
Event: 20812.286 GC heap before
{Heap before GC invocations=752 (full 732):
 garbage-first heap   total 84992K, used 34035K [0x00000000c0000000, 0x0000000100000000)
  region size 1024K, 1 young (1024K), 0 survivors (0K)
 Metaspace       used 65346K, committed 66176K, reserved 1114112K
  class space    used 7771K, committed 8128K, reserved 1048576K
}

