# JRE version: OpenJDK Runtime Environment Temurin-21.0.3+9 (21.0.3+9) (build 21.0.3+9-LTS)
# Java VM: OpenJDK 64-Bit Server VM Temurin-21.0.3+9 (21.0.3+9-LTS, mixed mode, emulated-client, tiered, compressed oops, compressed class ptrs, g1 gc, windows-amd64)
GC Precious Log:
 CardTable entry size: 512
 Card Set container configuration: InlinePtr #cards 5 size 8 Array Of Cards #cards 12 size 40 Howl #buckets 4 coarsen threshold 1843 Howl Bitmap #cards 512 size 80 coarsen threshold 460 Card regions per heap region 1 cards per card region 2048
 CPUs: 8 total, 8 available
 Memory: 7932M
 Large Page Support: Disabled
 NUMA Support: Disabled
 Compressed Oops: Enabled (32-bit)
 Heap Region Size: 1M
 Heap Min Capacity: 8M
 Heap Initial Capacity: 124M
 Heap Max Capacity: 1G
 Pre-touch: Disabled
 Parallel Workers: 8
 Concurrent Workers: 2
 Concurrent Refinement Workers: 8
 Periodic GC: Disabled
Heap:
 garbage-first heap   total 106496K, used 31970K [0x00000000c0000000, 0x0000000100000000)
  region size 1024K, 1 young (1024K), 0 survivors (0K)
 Metaspace       used 53831K, committed 54784K, reserved 1114112K
  class space    used 6424K, committed 6848K, reserved 1048576K
GC Heap History (20 events):
Event: 93003.836 GC heap after
{Heap after GC invocations=2345 (full 2281):
 garbage-first heap   total 106496K, used 31970K [0x00000000c0000000, 0x0000000100000000)
  region size 1024K, 0 young (0K), 0 survivors (0K)
 Metaspace       used 53831K, committed 54784K, reserved 1114112K
  class space    used 6424K, committed 6848K, reserved 1048576K
}
Event: 93014.015 GC heap before
{Heap before GC invocations=2345 (full 2281):
 garbage-first heap   total 106496K, used 31970K [0x00000000c0000000, 0x0000000100000000)
  region size 1024K, 1 young (1024K), 0 survivors (0K)
 Metaspace       used 53831K, committed 54784K, reserved 1114112K
  class space    used 6424K, committed 6848K, reserved 1048576K
}
Event: 93014.100 GC heap after
{Heap after GC invocations=2346 (full 2282):
 garbage-first heap   total 106496K, used 31970K [0x00000000c0000000, 0x0000000100000000)
  region size 1024K, 0 young (0K), 0 survivors (0K)
 Metaspace       used 53831K, committed 54784K, reserved 1114112K
  class space    used 6424K, committed 6848K, reserved 1048576K
}
Event: 93024.293 GC heap before
{Heap before GC invocations=2346 (full 2282):
 garbage-first heap   total 106496K, used 31970K [0x00000000c0000000, 0x0000000100000000)
  region size 1024K, 1 young (1024K), 0 survivors (0K)
 Metaspace       used 53831K, committed 54784K, reserved 1114112K
  class space    used 6424K, committed 6848K, reserved 1048576K
}
Event: 93024.370 GC heap after
{Heap after GC invocations=2347 (full 2283):
 garbage-first heap   total 106496K, used 31970K [0x00000000c0000000, 0x0000000100000000)
  region size 1024K, 0 young (0K), 0 survivors (0K)
 Metaspace       used 53831K, committed 54784K, reserved 1114112K
  class space    used 6424K, committed 6848K, reserved 1048576K
}
Event: 93034.559 GC heap before
{Heap before GC invocations=2347 (full 2283):
 garbage-first heap   total 106496K, used 31970K [0x00000000c0000000, 0x0000000100000000)
  region size 1024K, 1 young (1024K), 0 survivors (0K)
 Metaspace       used 53831K, committed 54784K, reserved 1114112K
  class space    used 6424K, committed 6848K, reserved 1048576K
}
Event: 93034.636 GC heap after
{Heap after GC invocations=2348 (full 2284):
 garbage-first heap   total 106496K, used 31970K [0x00000000c0000000, 0x0000000100000000)
  region size 1024K, 0 young (0K), 0 survivors (0K)
 Metaspace       used 53831K, committed 54784K, reserved 1114112K
  class space    used 6424K, committed 6848K, reserved 1048576K
}
Event: 93044.833 GC heap before
{Heap before GC invocations=2348 (full 2284):
 garbage-first heap   total 106496K, used 31970K [0x00000000c0000000, 0x0000000100000000)
  region size 1024K, 1 young (1024K), 0 survivors (0K)
 Metaspace       used 53831K, committed 54784K, reserved 1114112K
  class space    used 6424K, committed 6848K, reserved 1048576K
}
Event: 93044.887 GC heap after
{Heap after GC invocations=2349 (full 2285):
 garbage-first heap   total 106496K, used 31970K [0x00000000c0000000, 0x0000000100000000)
  region size 1024K, 0 young (0K), 0 survivors (0K)
 Metaspace       used 53831K, committed 54784K, reserved 1114112K
  class space    used 6424K, committed 6848K, reserved 1048576K
}
Event: 93055.068 GC heap before
{Heap before GC invocations=2349 (full 2285):
 garbage-first heap   total 106496K, used 31970K [0x00000000c0000000, 0x0000000100000000)
  region size 1024K, 1 young (1024K), 0 survivors (0K)
 Metaspace       used 53831K, committed 54784K, reserved 1114112K
  class space    used 6424K, committed 6848K, reserved 1048576K
}
Event: 93055.135 GC heap after
{Heap after GC invocations=2350 (full 2286):
 garbage-first heap   total 106496K, used 31970K [0x00000000c0000000, 0x0000000100000000)
  region size 1024K, 0 young (0K), 0 survivors (0K)
 Metaspace       used 53831K, committed 54784K, reserved 1114112K
  class space    used 6424K, committed 6848K, reserved 1048576K
}
Event: 93065.318 GC heap before
{Heap before GC invocations=2350 (full 2286):
 garbage-first heap   total 106496K, used 31970K [0x00000000c0000000, 0x0000000100000000)
  region size 1024K, 1 young (1024K), 0 survivors (0K)
 Metaspace       used 53831K, committed 54784K, reserved 1114112K
  class space    used 6424K, committed 6848K, reserved 1048576K
}
Event: 93065.382 GC heap after
{Heap after GC invocations=2351 (full 2287):
 garbage-first heap   total 106496K, used 31970K [0x00000000c0000000, 0x0000000100000000)
  region size 1024K, 0 young (0K), 0 survivors (0K)
 Metaspace       used 53831K, committed 54784K, reserved 1114112K
  class space    used 6424K, committed 6848K, reserved 1048576K
}
Event: 93075.579 GC heap before
{Heap before GC invocations=2351 (full 2287):
 garbage-first heap   total 106496K, used 31970K [0x00000000c0000000, 0x0000000100000000)
  region size 1024K, 1 young (1024K), 0 survivors (0K)
 Metaspace       used 53831K, committed 54784K, reserved 1114112K
  class space    used 6424K, committed 6848K, reserved 1048576K
}
Event: 93075.657 GC heap after
{Heap after GC invocations=2352 (full 2288):
 garbage-first heap   total 106496K, used 31970K [0x00000000c0000000, 0x0000000100000000)
  region size 1024K, 0 young (0K), 0 survivors (0K)
 Metaspace       used 53831K, committed 54784K, reserved 1114112K
  class space    used 6424K, committed 6848K, reserved 1048576K
}
Event: 93085.857 GC heap before
{Heap before GC invocations=2352 (full 2288):
 garbage-first heap   total 106496K, used 31970K [0x00000000c0000000, 0x0000000100000000)
  region size 1024K, 1 young (1024K), 0 survivors (0K)
 Metaspace       used 53831K, committed 54784K, reserved 1114112K
  class space    used 6424K, committed 6848K, reserved 1048576K
}
Event: 93085.928 GC heap after
{Heap after GC invocations=2353 (full 2289):
 garbage-first heap   total 106496K, used 31970K [0x00000000c0000000, 0x0000000100000000)
  region size 1024K, 0 young (0K), 0 survivors (0K)
 Metaspace       used 53831K, committed 54784K, reserved 1114112K
  class space    used 6424K, committed 6848K, reserved 1048576K
}
Event: 93096.135 GC heap before
{Heap before GC invocations=2353 (full 2289):
 garbage-first heap   total 106496K, used 31970K [0x00000000c0000000, 0x0000000100000000)
  region size 1024K, 1 young (1024K), 0 survivors (0K)
 Metaspace       used 53831K, committed 54784K, reserved 1114112K
  class space    used 6424K, committed 6848K, reserved 1048576K
}
Event: 93096.208 GC heap after
{Heap after GC invocations=2354 (full 2290):
 garbage-first heap   total 106496K, used 31970K [0x00000000c0000000, 0x0000000100000000)
  region size 1024K, 0 young (0K), 0 survivors (0K)
 Metaspace       used 53831K, committed 54784K, reserved 1114112K
  class space    used 6424K, committed 6848K, reserved 1048576K
}
Event: 93106.525 GC heap before
{Heap before GC invocations=2354 (full 2290):
 garbage-first heap   total 106496K, used 31970K [0x00000000c0000000, 0x0000000100000000)
  region size 1024K, 1 young (1024K), 0 survivors (0K)
 Metaspace       used 53831K, committed 54784K, reserved 1114112K
  class space    used 6424K, committed 6848K, reserved 1048576K
}

