# JRE version: OpenJDK Runtime Environment Temurin-21.0.3+9 (21.0.3+9) (build 21.0.3+9-LTS)
# Java VM: OpenJDK 64-Bit Server VM Temurin-21.0.3+9 (21.0.3+9-LTS, mixed mode, emulated-client, tiered, compressed oops, compressed class ptrs, g1 gc, windows-amd64)
GC Precious Log:
 CardTable entry size: 512
 Card Set container configuration: InlinePtr #cards 5 size 8 Array Of Cards #cards 12 size 40 Howl #buckets 4 coarsen threshold 1843 Howl Bitmap #cards 512 size 80 coarsen threshold 460 Card regions per heap region 1 cards per card region 2048
 CPUs: 8 total, 8 available
 Memory: 7932M
 Large Page Support: Disabled
 NUMA Support: Disabled
 Compressed Oops: Enabled (32-bit)
 Heap Region Size: 1M
 Heap Min Capacity: 8M
 Heap Initial Capacity: 124M
 Heap Max Capacity: 1G
 Pre-touch: Disabled
 Parallel Workers: 8
 Concurrent Workers: 2
 Concurrent Refinement Workers: 8
 Periodic GC: Disabled
Heap:
 garbage-first heap   total 138240K, used 58260K [0x00000000c0000000, 0x0000000100000000)
  region size 1024K, 1 young (1024K), 0 survivors (0K)
 Metaspace       used 65854K, committed 66688K, reserved 1114112K
  class space    used 7883K, committed 8256K, reserved 1048576K
GC Heap History (20 events):
Event: 44586.159 GC heap after
{Heap after GC invocations=1065 (full 972):
 garbage-first heap   total 138240K, used 58260K [0x00000000c0000000, 0x0000000100000000)
  region size 1024K, 0 young (0K), 0 survivors (0K)
 Metaspace       used 65854K, committed 66688K, reserved 1114112K
  class space    used 7883K, committed 8256K, reserved 1048576K
}
Event: 44596.344 GC heap before
{Heap before GC invocations=1065 (full 972):
 garbage-first heap   total 138240K, used 58260K [0x00000000c0000000, 0x0000000100000000)
  region size 1024K, 1 young (1024K), 0 survivors (0K)
 Metaspace       used 65854K, committed 66688K, reserved 1114112K
  class space    used 7883K, committed 8256K, reserved 1048576K
}
Event: 44596.442 GC heap after
{Heap after GC invocations=1066 (full 973):
 garbage-first heap   total 138240K, used 58260K [0x00000000c0000000, 0x0000000100000000)
  region size 1024K, 0 young (0K), 0 survivors (0K)
 Metaspace       used 65854K, committed 66688K, reserved 1114112K
  class space    used 7883K, committed 8256K, reserved 1048576K
}
Event: 44606.648 GC heap before
{Heap before GC invocations=1066 (full 973):
 garbage-first heap   total 138240K, used 58260K [0x00000000c0000000, 0x0000000100000000)
  region size 1024K, 1 young (1024K), 0 survivors (0K)
 Metaspace       used 65854K, committed 66688K, reserved 1114112K
  class space    used 7883K, committed 8256K, reserved 1048576K
}
Event: 44606.744 GC heap after
{Heap after GC invocations=1067 (full 974):
 garbage-first heap   total 138240K, used 58260K [0x00000000c0000000, 0x0000000100000000)
  region size 1024K, 0 young (0K), 0 survivors (0K)
 Metaspace       used 65854K, committed 66688K, reserved 1114112K
  class space    used 7883K, committed 8256K, reserved 1048576K
}
Event: 44616.934 GC heap before
{Heap before GC invocations=1067 (full 974):
 garbage-first heap   total 138240K, used 58260K [0x00000000c0000000, 0x0000000100000000)
  region size 1024K, 1 young (1024K), 0 survivors (0K)
 Metaspace       used 65854K, committed 66688K, reserved 1114112K
  class space    used 7883K, committed 8256K, reserved 1048576K
}
Event: 44617.025 GC heap after
{Heap after GC invocations=1068 (full 975):
 garbage-first heap   total 138240K, used 58260K [0x00000000c0000000, 0x0000000100000000)
  region size 1024K, 0 young (0K), 0 survivors (0K)
 Metaspace       used 65854K, committed 66688K, reserved 1114112K
  class space    used 7883K, committed 8256K, reserved 1048576K
}
Event: 44627.224 GC heap before
{Heap before GC invocations=1068 (full 975):
 garbage-first heap   total 138240K, used 58260K [0x00000000c0000000, 0x0000000100000000)
  region size 1024K, 1 young (1024K), 0 survivors (0K)
 Metaspace       used 65854K, committed 66688K, reserved 1114112K
  class space    used 7883K, committed 8256K, reserved 1048576K
}
Event: 44627.315 GC heap after
{Heap after GC invocations=1069 (full 976):
 garbage-first heap   total 138240K, used 58260K [0x00000000c0000000, 0x0000000100000000)
  region size 1024K, 0 young (0K), 0 survivors (0K)
 Metaspace       used 65854K, committed 66688K, reserved 1114112K
  class space    used 7883K, committed 8256K, reserved 1048576K
}
Event: 44637.516 GC heap before
{Heap before GC invocations=1069 (full 976):
 garbage-first heap   total 138240K, used 58260K [0x00000000c0000000, 0x0000000100000000)
  region size 1024K, 1 young (1024K), 0 survivors (0K)
 Metaspace       used 65854K, committed 66688K, reserved 1114112K
  class space    used 7883K, committed 8256K, reserved 1048576K
}
Event: 44637.606 GC heap after
{Heap after GC invocations=1070 (full 977):
 garbage-first heap   total 138240K, used 58260K [0x00000000c0000000, 0x0000000100000000)
  region size 1024K, 0 young (0K), 0 survivors (0K)
 Metaspace       used 65854K, committed 66688K, reserved 1114112K
  class space    used 7883K, committed 8256K, reserved 1048576K
}
Event: 44647.788 GC heap before
{Heap before GC invocations=1070 (full 977):
 garbage-first heap   total 138240K, used 58260K [0x00000000c0000000, 0x0000000100000000)
  region size 1024K, 1 young (1024K), 0 survivors (0K)
 Metaspace       used 65854K, committed 66688K, reserved 1114112K
  class space    used 7883K, committed 8256K, reserved 1048576K
}
Event: 44647.876 GC heap after
{Heap after GC invocations=1071 (full 978):
 garbage-first heap   total 138240K, used 58260K [0x00000000c0000000, 0x0000000100000000)
  region size 1024K, 0 young (0K), 0 survivors (0K)
 Metaspace       used 65854K, committed 66688K, reserved 1114112K
  class space    used 7883K, committed 8256K, reserved 1048576K
}
Event: 44658.078 GC heap before
{Heap before GC invocations=1071 (full 978):
 garbage-first heap   total 138240K, used 58260K [0x00000000c0000000, 0x0000000100000000)
  region size 1024K, 1 young (1024K), 0 survivors (0K)
 Metaspace       used 65854K, committed 66688K, reserved 1114112K
  class space    used 7883K, committed 8256K, reserved 1048576K
}
Event: 44658.162 GC heap after
{Heap after GC invocations=1072 (full 979):
 garbage-first heap   total 138240K, used 58260K [0x00000000c0000000, 0x0000000100000000)
  region size 1024K, 0 young (0K), 0 survivors (0K)
 Metaspace       used 65854K, committed 66688K, reserved 1114112K
  class space    used 7883K, committed 8256K, reserved 1048576K
}
Event: 44668.422 GC heap before
{Heap before GC invocations=1072 (full 979):
 garbage-first heap   total 138240K, used 58260K [0x00000000c0000000, 0x0000000100000000)
  region size 1024K, 1 young (1024K), 0 survivors (0K)
 Metaspace       used 65854K, committed 66688K, reserved 1114112K
  class space    used 7883K, committed 8256K, reserved 1048576K
}
Event: 44668.500 GC heap after
{Heap after GC invocations=1073 (full 980):
 garbage-first heap   total 138240K, used 58260K [0x00000000c0000000, 0x0000000100000000)
  region size 1024K, 0 young (0K), 0 survivors (0K)
 Metaspace       used 65854K, committed 66688K, reserved 1114112K
  class space    used 7883K, committed 8256K, reserved 1048576K
}
Event: 44678.713 GC heap before
{Heap before GC invocations=1073 (full 980):
 garbage-first heap   total 138240K, used 58260K [0x00000000c0000000, 0x0000000100000000)
  region size 1024K, 1 young (1024K), 0 survivors (0K)
 Metaspace       used 65854K, committed 66688K, reserved 1114112K
  class space    used 7883K, committed 8256K, reserved 1048576K
}
Event: 44678.799 GC heap after
{Heap after GC invocations=1074 (full 981):
 garbage-first heap   total 138240K, used 58260K [0x00000000c0000000, 0x0000000100000000)
  region size 1024K, 0 young (0K), 0 survivors (0K)
 Metaspace       used 65854K, committed 66688K, reserved 1114112K
  class space    used 7883K, committed 8256K, reserved 1048576K
}
Event: 44688.956 GC heap before
{Heap before GC invocations=1074 (full 981):
 garbage-first heap   total 138240K, used 58260K [0x00000000c0000000, 0x0000000100000000)
  region size 1024K, 1 young (1024K), 0 survivors (0K)
 Metaspace       used 65854K, committed 66688K, reserved 1114112K
  class space    used 7883K, committed 8256K, reserved 1048576K
}

